1 10 20
100 200 125
201 210 89
900 1000 174
100000 200000 383
300000 200000 443
300000 400000 441
500000 400000 449
500000 600000 470
700000 600000 509
700000 800000 504
900000 800000 525
8 8 4
16 16 5
32 32 6
64 64 7
128 128 8
256 256 9
512 512 10
1024 1024 11
2048 2048 12
4096 4096 13
8192 8192 14
16384 16384 15
32768 32768 16
65536 65536 17
131072 131072 18
262144 262144 19
524288 524288 20
3 3 8
7 7 17
15 15 18
17 17 13
1023 1023 63
1025 1025 37
2047 2047 157
242 59 128
43 96 116
65 100 119
13 52 112
54 77 116
656 945 179
87 645 144
45 64 113
56 84 116
765 821 153
43 100 119
12 45 112
73 200 125
6 56 113
8 16 20
3 5 8
57 154 122
9 87 116
31 14 112
68 31 113
68 54 113
88 86 31
59 70 108
21 50 112
65 70 28
73 90 116
48 200 125
59 100 119
26 150 122
15 60 113
487 500 142
32 37 27
65 95 116
98 110 114
87 120 119
2913 937828 525
1772 389461 443
558 263072 443
700 170258 383
2331 58600 340
2485 239670 443
1037 381282 443
2872 783246 509
103 240100 443
1826 445066 449
3049 926343 525
58 999 179
90 20 116
2984 2804 217
3333 3333 31
4303 4300 109
43092 9482 324
3092 30230 308
30940 30330 254
5885 9585 262
3434 9404 262
2222 2222 33
3213 3125 199
1260 3850 238
2950 3921 238
9239 13921 276
9249 4892 262
9403 4949 262
552 779 171
339 390 126
392 492 142
492 409 142
4843 9302 262
